<?xml version="1.0" encoding="UTF-8"?>
<!-- Generated by org.testng.reporters.JUnitXMLReporter -->
<testsuite ignored="10" hostname="ACSEDP183" failures="2" tests="27" name="Test" time="288.719" errors="0" timestamp="2024-01-06T15:02:16 IST">
  <testcase classname="CKYC.ICICI.CentralUser" name="loginCentralUser" time="61.742"/>
  <testcase classname="CKYC.ICICI.CentralUser" name="uploadDumpFile" time="9.887"/>
  <testcase classname="CKYC.ICICI.CentralUser" name="generateCkycBulkFile" time="10.743"/>
  <testcase classname="CKYC.ICICI.CentralUser" name="uploadCkycResponce" time="8.089"/>
  <testcase classname="CKYC.ICICI.CentralUser" name="ckycIdGeneretedReport" time="14.559"/>
  <testcase classname="CKYC.ICICI.CentralUser" name="reportCBSImportError" time="12.604"/>
  <testcase classname="CKYC.ICICI.CentralUser" name="reportDraftSave" time="5.754"/>
  <testcase classname="CKYC.ICICI.CentralUser" name="reportImageUploadPending" time="5.204"/>
  <testcase classname="CKYC.ICICI.CentralUser" name="reportPendingCheckerApproval" time="3.531"/>
  <testcase classname="CKYC.ICICI.CentralUser" name="reportRejectedByChecker" time="4.464"/>
  <testcase classname="CKYC.ICICI.CentralUser" name="reportApprovedByChecker" time="4.34"/>
  <testcase classname="CKYC.ICICI.CentralUser" name="reportBulkFileGenerated" time="9.938"/>
  <testcase classname="CKYC.ICICI.CentralUser" name="reportFiReconcilationPending" time="6.162"/>
  <testcase classname="CKYC.ICICI.CentralUser" name="reportUploadedToCkycPortal" time="9.166">
    <failure type="java.lang.AssertionError" message="null">
      <![CDATA[java.lang.AssertionError: null
at CKYC.ICICI.CentralUser.reportUploadedToCkycPortal(CentralUser.java:1113)
at java.base/java.util.ArrayList.forEach(ArrayList.java:1511)
... Removed 33 stack frames]]>
    </failure>
  </testcase> <!-- reportUploadedToCkycPortal -->
  <testcase classname="CKYC.ICICI.CentralUser" name="reportCkycIdExisting" time="4.608"/>
  <testcase classname="CKYC.ICICI.CentralUser" name="reportRjectedCkycPortal" time="5.666"/>
  <testcase classname="CKYC.ICICI.CentralUser" name="reportStageOneResponce" time="4.273"/>
  <testcase classname="CKYC.ICICI.CentralUser" name="reportCkycIdGenerated" time="3.445"/>
  <testcase classname="CKYC.ICICI.CentralUser" name="reportFiReconResponse" time="4.895"/>
  <testcase classname="CKYC.ICICI.CentralUser" name="reportCkycRecordSuccUpdated" time="4.379"/>
  <testcase classname="CKYC.ICICI.CentralUser" name="custSearchDetailRecord" time="6.616"/>
  <testcase classname="CKYC.ICICI.CentralUser" name="helpTab" time="5.936">
    <failure type="java.lang.AssertionError" message="null">
      <![CDATA[java.lang.AssertionError: null
at CKYC.ICICI.CentralUser.helpTab(CentralUser.java:1690)
at java.base/java.util.ArrayList.forEach(ArrayList.java:1511)
... Removed 33 stack frames]]>
    </failure>
  </testcase> <!-- helpTab -->
  <testcase classname="CKYC.ICICI.MakerUser" name="makerUserLogin" time="4.532"/>
  <testcase classname="CKYC.ICICI.MakerUser" name="pendingCustomerDetails" time="3.78"/>
  <testcase classname="CKYC.ICICI.MakerUser" name="pendingCustIsImgUpload" time="36.862"/>
  <testcase classname="CKYC.ICICI.AllSearch" name="makerUserLogin" time="3.983"/>
  <testcase classname="CKYC.ICICI.AllSearch" name="allSearchDownload" time="19.551"/>
  <testcase classname="CKYC.ICICI.BaseClass" name="@AfterTest tearDown" time="0.0">
    <ignored/>
  </testcase> <!-- @AfterTest tearDown -->
  <testcase classname="CKYC.ICICI.BaseClass" name="@BeforeTest startReport" time="0.0">
    <ignored/>
  </testcase> <!-- @BeforeTest startReport -->
  <testcase classname="CKYC.ICICI.BaseClass" name="@BeforeTest startReport" time="0.0">
    <ignored/>
  </testcase> <!-- @BeforeTest startReport -->
  <testcase classname="CKYC.ICICI.BaseClass" name="@BeforeSuite invokeBrowser" time="0.0">
    <ignored/>
  </testcase> <!-- @BeforeSuite invokeBrowser -->
  <testcase classname="CKYC.ICICI.MakerUser" name="searchAndDownload" time="0.0">
    <ignored/>
  </testcase> <!-- searchAndDownload -->
  <testcase classname="CKYC.ICICI.BaseClass" name="@AfterTest tearDown" time="0.0">
    <ignored/>
  </testcase> <!-- @AfterTest tearDown -->
  <testcase classname="CKYC.ICICI.BaseClass" name="@BeforeSuite invokeBrowser" time="0.0">
    <ignored/>
  </testcase> <!-- @BeforeSuite invokeBrowser -->
  <testcase classname="CKYC.ICICI.BaseClass" name="@BeforeSuite invokeBrowser" time="0.0">
    <ignored/>
  </testcase> <!-- @BeforeSuite invokeBrowser -->
  <testcase classname="CKYC.ICICI.BaseClass" name="@BeforeTest startReport" time="0.0">
    <ignored/>
  </testcase> <!-- @BeforeTest startReport -->
  <testcase classname="CKYC.ICICI.BaseClass" name="@AfterTest tearDown" time="0.0">
    <ignored/>
  </testcase> <!-- @AfterTest tearDown -->
</testsuite> <!-- Test -->
