<?xml version="1.0" encoding="UTF-8"?>
<!-- Generated by org.testng.reporters.JUnitXMLReporter -->
<testsuite ignored="0" hostname="ACSEDP183" failures="0" tests="6" name="CentralUser" time="125.107" errors="0" timestamp="2023-12-11T15:38:43 IST">
  <testcase classname="CKYC.ICICI.CentralUser" name="loginCentralUser" time="71.986"/>
  <testcase classname="CKYC.ICICI.CentralUser" name="uploadDumpFile" time="10.9"/>
  <testcase classname="CKYC.ICICI.CentralUser" name="generateCkycBulkFile" time="9.482"/>
  <testcase classname="CKYC.ICICI.CentralUser" name="uploadCkycResponce" time="7.794"/>
  <testcase classname="CKYC.ICICI.CentralUser" name="ckycIdGeneretedReport" time="11.81"/>
  <testcase classname="CKYC.ICICI.CentralUser" name="gerneratePendingCustomerReport" time="12.99"/>
</testsuite> <!-- CentralUser -->
