<?xml version="1.0" encoding="UTF-8"?>
<!-- Generated by org.testng.reporters.JUnitXMLReporter -->
<testsuite ignored="0" hostname="ACSEDP183" failures="1" tests="4" name="MakerUser" time="44.927" errors="0" timestamp="2023-12-11T15:39:28 IST">
  <testcase classname="CKYC.ICICI.MakerUser" name="makerUserLogin" time="2.636"/>
  <testcase classname="CKYC.ICICI.MakerUser" name="pendingCustomerDetails" time="2.858"/>
  <testcase classname="CKYC.ICICI.MakerUser" name="pendingCustIsImgUpload" time="26.115"/>
  <testcase classname="CKYC.ICICI.MakerUser" name="searchAndDownload" time="13.103">
    <failure type="java.lang.AssertionError" message="Test failed : An error occurred: There was no endpoint listening at http://192.168.100.101:9000/CkycApiService.svc">
      <![CDATA[java.lang.AssertionError: Test failed : An error occurred: There was no endpoint listening at http://192.168.100.101:9000/CkycApiService.svc
at CKYC.ICICI.MakerUser.searchAndDownload(MakerUser.java:305)
at java.base/java.util.ArrayList.forEach(ArrayList.java:1511)
... Removed 28 stack frames]]>
    </failure>
  </testcase> <!-- searchAndDownload -->
</testsuite> <!-- MakerUser -->
