<?xml version="1.0" encoding="UTF-8"?>
<!-- Generated by org.testng.reporters.JUnitXMLReporter -->
<testsuite ignored="4" hostname="ACSEDP183" failures="2" tests="2" name="Test2" time="0.132" errors="0" timestamp="2023-12-11T16:05:41 IST">
  <testcase classname="CKYC.ICICI.CentralUser" name="loginCentralUser" time="0.016">
    <failure type="java.lang.NullPointerException" message="Cannot invoke &amp;quot;org.openqa.selenium.WebDriver.get(String)&amp;quot; because &amp;quot;CKYC.ICICI.CentralUser.driver&amp;quot; is null">
      <![CDATA[java.lang.NullPointerException: Cannot invoke "org.openqa.selenium.WebDriver.get(String)" because "CKYC.ICICI.CentralUser.driver" is null
at CKYC.ICICI.CentralUser.loginCentralUser(CentralUser.java:27)
at java.base/java.util.ArrayList.forEach(ArrayList.java:1511)
... Removed 27 stack frames]]>
    </failure>
  </testcase> <!-- loginCentralUser -->
  <testcase classname="CKYC.ICICI.CentralUser" name="generateCkycBulkFile" time="0.025">
    <failure type="java.lang.IllegalArgumentException" message="Cannot find elements when the XPath is null.">
      <![CDATA[java.lang.IllegalArgumentException: Cannot find elements when the XPath is null.
at org.openqa.selenium.internal.Require$ArgumentChecker.nonNull(Require.java:207)
at org.openqa.selenium.By$ByXPath.<init>(By.java:286)
at org.openqa.selenium.By.xpath(By.java:89)
at CKYC.ICICI.CentralUser.generateCkycBulkFile(CentralUser.java:92)
at java.base/java.util.ArrayList.forEach(ArrayList.java:1511)
... Removed 27 stack frames]]>
    </failure>
  </testcase> <!-- generateCkycBulkFile -->
  <testcase classname="CKYC.ICICI.CentralUser" name="uploadCkycResponce" time="0.0">
    <ignored/>
  </testcase> <!-- uploadCkycResponce -->
  <testcase classname="CKYC.ICICI.CentralUser" name="gerneratePendingCustomerReport" time="0.0">
    <ignored/>
  </testcase> <!-- gerneratePendingCustomerReport -->
  <testcase classname="CKYC.ICICI.CentralUser" name="uploadDumpFile" time="0.0">
    <ignored/>
  </testcase> <!-- uploadDumpFile -->
  <testcase classname="CKYC.ICICI.CentralUser" name="ckycIdGeneretedReport" time="0.0">
    <ignored/>
  </testcase> <!-- ckycIdGeneretedReport -->
</testsuite> <!-- Test2 -->
