<?xml version="1.0" encoding="UTF-8"?>
<!-- Generated by org.testng.reporters.JUnitXMLReporter -->
<testsuite ignored="10" hostname="ACSEDP183" failures="2" tests="27" name="Test" time="148.587" errors="0" timestamp="2024-01-16T15:03:31 IST">
  <testcase classname="CKYC.ICICI.CentralUser" name="loginCentralUser" time="3.861"/>
  <testcase classname="CKYC.ICICI.CentralUser" name="uploadDumpFile" time="7.268"/>
  <testcase classname="CKYC.ICICI.CentralUser" name="generateCkycBulkFile" time="6.7"/>
  <testcase classname="CKYC.ICICI.CentralUser" name="uploadCkycResponce" time="5.256"/>
  <testcase classname="CKYC.ICICI.CentralUser" name="ckycIdGeneretedReport" time="10.512"/>
  <testcase classname="CKYC.ICICI.CentralUser" name="reportCBSImportError" time="3.344"/>
  <testcase classname="CKYC.ICICI.CentralUser" name="reportDraftSave" time="3.143"/>
  <testcase classname="CKYC.ICICI.CentralUser" name="reportImageUploadPending" time="3.311"/>
  <testcase classname="CKYC.ICICI.CentralUser" name="reportPendingCheckerApproval" time="3.362"/>
  <testcase classname="CKYC.ICICI.CentralUser" name="reportRejectedByChecker" time="2.97"/>
  <testcase classname="CKYC.ICICI.CentralUser" name="reportApprovedByChecker" time="2.948"/>
  <testcase classname="CKYC.ICICI.CentralUser" name="reportBulkFileGenerated" time="2.83"/>
  <testcase classname="CKYC.ICICI.CentralUser" name="reportFiReconcilationPending" time="2.766"/>
  <testcase classname="CKYC.ICICI.CentralUser" name="reportUploadedToCkycPortal" time="4.371">
    <failure type="java.lang.AssertionError" message="null">
      <![CDATA[java.lang.AssertionError: null
at CKYC.ICICI.CentralUser.reportUploadedToCkycPortal(CentralUser.java:1113)
at java.base/java.util.ArrayList.forEach(ArrayList.java:1511)
... Removed 29 stack frames]]>
    </failure>
  </testcase> <!-- reportUploadedToCkycPortal -->
  <testcase classname="CKYC.ICICI.CentralUser" name="reportCkycIdExisting" time="2.711"/>
  <testcase classname="CKYC.ICICI.CentralUser" name="reportRjectedCkycPortal" time="2.77"/>
  <testcase classname="CKYC.ICICI.CentralUser" name="reportStageOneResponce" time="3.101"/>
  <testcase classname="CKYC.ICICI.CentralUser" name="reportCkycIdGenerated" time="2.773"/>
  <testcase classname="CKYC.ICICI.CentralUser" name="reportFiReconResponse" time="2.808"/>
  <testcase classname="CKYC.ICICI.CentralUser" name="reportCkycRecordSuccUpdated" time="2.88"/>
  <testcase classname="CKYC.ICICI.CentralUser" name="custSearchDetailRecord" time="4.597"/>
  <testcase classname="CKYC.ICICI.CentralUser" name="helpTab" time="2.931">
    <failure type="java.lang.AssertionError" message="null">
      <![CDATA[java.lang.AssertionError: null
at CKYC.ICICI.CentralUser.helpTab(CentralUser.java:1690)
at java.base/java.util.ArrayList.forEach(ArrayList.java:1511)
... Removed 29 stack frames]]>
    </failure>
  </testcase> <!-- helpTab -->
  <testcase classname="CKYC.ICICI.MakerUser" name="makerUserLogin" time="2.084"/>
  <testcase classname="CKYC.ICICI.MakerUser" name="pendingCustomerDetails" time="2.391"/>
  <testcase classname="CKYC.ICICI.MakerUser" name="pendingCustIsImgUpload" time="32.496"/>
  <testcase classname="CKYC.ICICI.AllSearch" name="makerUserLogin" time="2.46"/>
  <testcase classname="CKYC.ICICI.AllSearch" name="allSearchDownload" time="16.809"/>
  <testcase classname="CKYC.ICICI.BaseClass" name="@AfterTest tearDown" time="0.0">
    <ignored/>
  </testcase> <!-- @AfterTest tearDown -->
  <testcase classname="CKYC.ICICI.BaseClass" name="@BeforeSuite invokeBrowser" time="0.0">
    <ignored/>
  </testcase> <!-- @BeforeSuite invokeBrowser -->
  <testcase classname="CKYC.ICICI.MakerUser" name="searchAndDownload" time="0.0">
    <ignored/>
  </testcase> <!-- searchAndDownload -->
  <testcase classname="CKYC.ICICI.BaseClass" name="@AfterTest tearDown" time="0.0">
    <ignored/>
  </testcase> <!-- @AfterTest tearDown -->
  <testcase classname="CKYC.ICICI.BaseClass" name="@BeforeSuite invokeBrowser" time="0.0">
    <ignored/>
  </testcase> <!-- @BeforeSuite invokeBrowser -->
  <testcase classname="CKYC.ICICI.BaseClass" name="@BeforeTest startReport" time="0.0">
    <ignored/>
  </testcase> <!-- @BeforeTest startReport -->
  <testcase classname="CKYC.ICICI.BaseClass" name="@AfterTest tearDown" time="0.0">
    <ignored/>
  </testcase> <!-- @AfterTest tearDown -->
  <testcase classname="CKYC.ICICI.BaseClass" name="@BeforeTest startReport" time="0.0">
    <ignored/>
  </testcase> <!-- @BeforeTest startReport -->
  <testcase classname="CKYC.ICICI.BaseClass" name="@BeforeSuite invokeBrowser" time="0.0">
    <ignored/>
  </testcase> <!-- @BeforeSuite invokeBrowser -->
  <testcase classname="CKYC.ICICI.BaseClass" name="@BeforeTest startReport" time="0.0">
    <ignored/>
  </testcase> <!-- @BeforeTest startReport -->
</testsuite> <!-- Test -->
