<?xml version="1.0" encoding="UTF-8"?>
<!-- Generated by org.testng.reporters.JUnitXMLReporter -->
<testsuite ignored="4" hostname="ACSEDP183" failures="0" tests="0" time="0.001" errors="0" timestamp="2023-12-11T16:05:41 IST">
  <testcase classname="CKYC.ICICI.MakerUser" name="searchAndDownload" time="0.0">
    <ignored/>
  </testcase> <!-- searchAndDownload -->
  <testcase classname="CKYC.ICICI.MakerUser" name="pendingCustIsImgUpload" time="0.0">
    <ignored/>
  </testcase> <!-- pendingCustIsImgUpload -->
  <testcase classname="CKYC.ICICI.MakerUser" name="pendingCustomerDetails" time="0.0">
    <ignored/>
  </testcase> <!-- pendingCustomerDetails -->
  <testcase classname="CKYC.ICICI.MakerUser" name="makerUserLogin" time="0.0">
    <ignored/>
  </testcase> <!-- makerUserLogin -->
</testsuite>
