<?xml version="1.0" encoding="UTF-8"?>
<testsuite xmlns:xsi="http://www.w3.org/2001/XMLSchema-instance" xsi:noNamespaceSchemaLocation="https://maven.apache.org/surefire/maven-surefire-plugin/xsd/surefire-test-report-3.0.xsd" version="3.0" name="TestSuite" time="326.568" tests="27" errors="0" skipped="0" failures="2">
  <properties>
[...]
</properties>
  <testcase name="loginCentralUser" classname="CKYC.ICICI.CentralUser" time="61.978">
    <system-out><![CDATA[Sat Jan 06 14:56:52 IST 2024 - Test Start
Sat Jan 06 14:56:52 IST 2024 - Browser Open
Sat Jan 06 14:56:52 IST 2024 - Central Loggedin
]]></system-out>
    <system-err><![CDATA[log4j:WARN No appenders could be found for logger (org.testng.TestNG).
log4j:WARN Please initialize the log4j system properly.
log4j:WARN See http://logging.apache.org/log4j/1.2/faq.html#noconfig for more info.
]]></system-err>
  </testcase>
  <testcase name="uploadDumpFile" classname="CKYC.ICICI.CentralUser" time="9.949">
    <system-out><![CDATA[Sat Jan 06 14:56:52 IST 2024 - Dump file upload started
Sat Jan 06 14:56:52 IST 2024 - Dump File already exists. Upload new file.
]]></system-out>
  </testcase>
  <testcase name="generateCkycBulkFile" classname="CKYC.ICICI.CentralUser" time="10.77">
    <system-out><![CDATA[Sat Jan 06 14:56:52 IST 2024 - CKYC Bulk File Generate Test Started
Sat Jan 06 14:56:52 IST 2024 - CKYC Bulk File --> File export failed - No records to export.
]]></system-out>
  </testcase>
  <testcase name="uploadCkycResponce" classname="CKYC.ICICI.CentralUser" time="8.087">
    <system-out><![CDATA[Sat Jan 06 14:56:52 IST 2024 - CKYC Responce upload started
Sat Jan 06 14:56:52 IST 2024 - File already exists. Upload new file.
]]></system-out>
  </testcase>
  <testcase name="ckycIdGeneretedReport" classname="CKYC.ICICI.CentralUser" time="14.565">
    <system-out><![CDATA[Sat Jan 06 14:56:52 IST 2024 - CKYC ID Grnerate Report Test Start
Sat Jan 06 14:56:52 IST 2024 - CKYC Generated ID End date should be greater than Start date
Sat Jan 06 14:56:52 IST 2024 - CKYC Generated ID Please Enter To Created Date
]]></system-out>
  </testcase>
  <testcase name="reportCBSImportError" classname="CKYC.ICICI.CentralUser" time="12.564">
    <system-out><![CDATA[Sat Jan 06 14:56:52 IST 2024 - Generating CBS Import Report
Status Report                   
Stale ElementReference Exception
]]></system-out>
  </testcase>
  <testcase name="reportDraftSave" classname="CKYC.ICICI.CentralUser" time="5.755">
    <system-out><![CDATA[Sat Jan 06 14:56:52 IST 2024 - Generating Draft Save Report
Status Report                   
Stale ElementReference Exception
]]></system-out>
  </testcase>
  <testcase name="reportImageUploadPending" classname="CKYC.ICICI.CentralUser" time="5.212">
    <system-out><![CDATA[Sat Jan 06 14:56:52 IST 2024 - Generating Draft Save Report
Status Report                   
Stale ElementReference Exception
]]></system-out>
  </testcase>
  <testcase name="reportPendingCheckerApproval" classname="CKYC.ICICI.CentralUser" time="3.536">
    <system-out><![CDATA[Sat Jan 06 14:56:52 IST 2024 - Generating Pending checker Approval Report
Status Report                   
Stale ElementReference Exception
]]></system-out>
  </testcase>
  <testcase name="reportRejectedByChecker" classname="CKYC.ICICI.CentralUser" time="4.468">
    <system-out><![CDATA[Sat Jan 06 14:56:52 IST 2024 - Generating Rejected By Checker Report
Status Report                   
Stale ElementReference Exception
]]></system-out>
  </testcase>
  <testcase name="reportApprovedByChecker" classname="CKYC.ICICI.CentralUser" time="4.644">
    <system-out><![CDATA[Sat Jan 06 14:56:52 IST 2024 - Generating Approved By Checker Report
Status Report                   
Stale ElementReference Exception
]]></system-out>
  </testcase>
  <testcase name="reportBulkFileGenerated" classname="CKYC.ICICI.CentralUser" time="9.963">
    <system-out><![CDATA[Sat Jan 06 14:56:52 IST 2024 - Generating Bulk File Generated Report
Status Report                   
Stale ElementReference Exception
]]></system-out>
  </testcase>
  <testcase name="reportFiReconcilationPending" classname="CKYC.ICICI.CentralUser" time="6.162">
    <system-out><![CDATA[Sat Jan 06 14:56:52 IST 2024 - Generating FI Reconcilation Pending Report
Status Report                   
Stale ElementReference Exception
]]></system-out>
  </testcase>
  <testcase name="reportUploadedToCkycPortal" classname="CKYC.ICICI.CentralUser" time="9.557">
    <failure message="null" type="java.lang.AssertionError"><![CDATA[java.lang.AssertionError: null
	at org.testng.Assert.fail(Assert.java:110)
	at org.testng.Assert.fail(Assert.java:115)
	at CKYC.ICICI.CentralUser.reportUploadedToCkycPortal(CentralUser.java:1113)
	at java.base/jdk.internal.reflect.NativeMethodAccessorImpl.invoke0(Native Method)
	at java.base/jdk.internal.reflect.NativeMethodAccessorImpl.invoke(NativeMethodAccessorImpl.java:77)
	at java.base/jdk.internal.reflect.DelegatingMethodAccessorImpl.invoke(DelegatingMethodAccessorImpl.java:43)
	at java.base/java.lang.reflect.Method.invoke(Method.java:568)
	at org.testng.internal.invokers.MethodInvocationHelper.invokeMethod(MethodInvocationHelper.java:139)
	at org.testng.internal.invokers.TestInvoker.invokeMethod(TestInvoker.java:677)
	at org.testng.internal.invokers.TestInvoker.invokeTestMethod(TestInvoker.java:221)
	at org.testng.internal.invokers.MethodRunner.runInSequence(MethodRunner.java:50)
	at org.testng.internal.invokers.TestInvoker$MethodInvocationAgent.invoke(TestInvoker.java:969)
	at org.testng.internal.invokers.TestInvoker.invokeTestMethods(TestInvoker.java:194)
	at org.testng.internal.invokers.TestMethodWorker.invokeTestMethods(TestMethodWorker.java:148)
	at org.testng.internal.invokers.TestMethodWorker.run(TestMethodWorker.java:128)
	at java.base/java.util.ArrayList.forEach(ArrayList.java:1511)
	at org.testng.TestRunner.privateRun(TestRunner.java:829)
	at org.testng.TestRunner.run(TestRunner.java:602)
	at org.testng.SuiteRunner.runTest(SuiteRunner.java:437)
	at org.testng.SuiteRunner.runSequentially(SuiteRunner.java:431)
	at org.testng.SuiteRunner.privateRun(SuiteRunner.java:391)
	at org.testng.SuiteRunner.run(SuiteRunner.java:330)
	at org.testng.SuiteRunnerWorker.runSuite(SuiteRunnerWorker.java:52)
	at org.testng.SuiteRunnerWorker.run(SuiteRunnerWorker.java:95)
	at org.testng.TestNG.runSuitesSequentially(TestNG.java:1256)
	at org.testng.TestNG.runSuitesLocally(TestNG.java:1176)
	at org.testng.TestNG.runSuites(TestNG.java:1099)
	at org.testng.TestNG.run(TestNG.java:1067)
	at org.apache.maven.surefire.testng.TestNGExecutor.run(TestNGExecutor.java:308)
	at org.apache.maven.surefire.testng.TestNGXmlTestSuite.execute(TestNGXmlTestSuite.java:71)
	at org.apache.maven.surefire.testng.TestNGProvider.invoke(TestNGProvider.java:113)
	at org.apache.maven.surefire.booter.ForkedBooter.runSuitesInProcess(ForkedBooter.java:385)
	at org.apache.maven.surefire.booter.ForkedBooter.execute(ForkedBooter.java:162)
	at org.apache.maven.surefire.booter.ForkedBooter.run(ForkedBooter.java:507)
	at org.apache.maven.surefire.booter.ForkedBooter.main(ForkedBooter.java:495)
]]></failure>
    <system-out><![CDATA[Sat Jan 06 14:56:52 IST 2024 - Generating Uploaded to CKYC Portal Report
Status Report                   
Stale ElementReference Exception
]]></system-out>
  </testcase>
  <testcase name="reportCkycIdExisting" classname="CKYC.ICICI.CentralUser" time="4.614">
    <system-out><![CDATA[Sat Jan 06 14:56:52 IST 2024 - Generating CKYC ID existing Report
Status Report                   
Stale ElementReference Exception
]]></system-out>
  </testcase>
  <testcase name="reportRjectedCkycPortal" classname="CKYC.ICICI.CentralUser" time="5.711">
    <system-out><![CDATA[Sat Jan 06 14:56:52 IST 2024 - Generating  Rejected CKYC Portal Report
Status Report                   
Stale ElementReference Exception
]]></system-out>
  </testcase>
  <testcase name="reportStageOneResponce" classname="CKYC.ICICI.CentralUser" time="4.273">
    <system-out><![CDATA[Sat Jan 06 14:56:52 IST 2024 - Generating Stage One Responce Report
Status Report                   
Stale ElementReference Exception
]]></system-out>
  </testcase>
  <testcase name="reportCkycIdGenerated" classname="CKYC.ICICI.CentralUser" time="3.445">
    <system-out><![CDATA[Sat Jan 06 14:56:52 IST 2024 - Generating CKYC ID Generated Report
Status Report                   
Stale ElementReference Exception
]]></system-out>
  </testcase>
  <testcase name="reportFiReconResponse" classname="CKYC.ICICI.CentralUser" time="4.894">
    <system-out><![CDATA[Sat Jan 06 14:56:52 IST 2024 - Generating FI Recon Response Report
Status Report                   
Stale ElementReference Exception
]]></system-out>
  </testcase>
  <testcase name="reportCkycRecordSuccUpdated" classname="CKYC.ICICI.CentralUser" time="4.382">
    <system-out><![CDATA[Sat Jan 06 14:56:52 IST 2024 - Generating CKYC ID Successfully Updated Report
Status Report                   
Stale ElementReference Exception
]]></system-out>
  </testcase>
  <testcase name="custSearchDetailRecord" classname="CKYC.ICICI.CentralUser" time="6.617">
    <system-out><![CDATA[Customer Record Detail Report
CustomerID does not Exist
]]></system-out>
  </testcase>
  <testcase name="helpTab" classname="CKYC.ICICI.CentralUser" time="5.951">
    <failure message="null" type="java.lang.AssertionError"><![CDATA[java.lang.AssertionError: null
	at org.testng.Assert.fail(Assert.java:110)
	at org.testng.Assert.fail(Assert.java:115)
	at CKYC.ICICI.CentralUser.helpTab(CentralUser.java:1690)
	at java.base/jdk.internal.reflect.NativeMethodAccessorImpl.invoke0(Native Method)
	at java.base/jdk.internal.reflect.NativeMethodAccessorImpl.invoke(NativeMethodAccessorImpl.java:77)
	at java.base/jdk.internal.reflect.DelegatingMethodAccessorImpl.invoke(DelegatingMethodAccessorImpl.java:43)
	at java.base/java.lang.reflect.Method.invoke(Method.java:568)
	at org.testng.internal.invokers.MethodInvocationHelper.invokeMethod(MethodInvocationHelper.java:139)
	at org.testng.internal.invokers.TestInvoker.invokeMethod(TestInvoker.java:677)
	at org.testng.internal.invokers.TestInvoker.invokeTestMethod(TestInvoker.java:221)
	at org.testng.internal.invokers.MethodRunner.runInSequence(MethodRunner.java:50)
	at org.testng.internal.invokers.TestInvoker$MethodInvocationAgent.invoke(TestInvoker.java:969)
	at org.testng.internal.invokers.TestInvoker.invokeTestMethods(TestInvoker.java:194)
	at org.testng.internal.invokers.TestMethodWorker.invokeTestMethods(TestMethodWorker.java:148)
	at org.testng.internal.invokers.TestMethodWorker.run(TestMethodWorker.java:128)
	at java.base/java.util.ArrayList.forEach(ArrayList.java:1511)
	at org.testng.TestRunner.privateRun(TestRunner.java:829)
	at org.testng.TestRunner.run(TestRunner.java:602)
	at org.testng.SuiteRunner.runTest(SuiteRunner.java:437)
	at org.testng.SuiteRunner.runSequentially(SuiteRunner.java:431)
	at org.testng.SuiteRunner.privateRun(SuiteRunner.java:391)
	at org.testng.SuiteRunner.run(SuiteRunner.java:330)
	at org.testng.SuiteRunnerWorker.runSuite(SuiteRunnerWorker.java:52)
	at org.testng.SuiteRunnerWorker.run(SuiteRunnerWorker.java:95)
	at org.testng.TestNG.runSuitesSequentially(TestNG.java:1256)
	at org.testng.TestNG.runSuitesLocally(TestNG.java:1176)
	at org.testng.TestNG.runSuites(TestNG.java:1099)
	at org.testng.TestNG.run(TestNG.java:1067)
	at org.apache.maven.surefire.testng.TestNGExecutor.run(TestNGExecutor.java:308)
	at org.apache.maven.surefire.testng.TestNGXmlTestSuite.execute(TestNGXmlTestSuite.java:71)
	at org.apache.maven.surefire.testng.TestNGProvider.invoke(TestNGProvider.java:113)
	at org.apache.maven.surefire.booter.ForkedBooter.runSuitesInProcess(ForkedBooter.java:385)
	at org.apache.maven.surefire.booter.ForkedBooter.execute(ForkedBooter.java:162)
	at org.apache.maven.surefire.booter.ForkedBooter.run(ForkedBooter.java:507)
	at org.apache.maven.surefire.booter.ForkedBooter.main(ForkedBooter.java:495)
]]></failure>
  </testcase>
  <testcase name="makerUserLogin" classname="CKYC.ICICI.MakerUser" time="4.53">
    <system-out><![CDATA[Sat Jan 06 14:56:52 IST 2024 - Maker loggedin
]]></system-out>
  </testcase>
  <testcase name="pendingCustomerDetails" classname="CKYC.ICICI.MakerUser" time="3.781">
    <system-out><![CDATA[Sat Jan 06 14:56:52 IST 2024 - Total 11 Pending customer found for makers Entry
]]></system-out>
  </testcase>
  <testcase name="pendingCustIsImgUpload" classname="CKYC.ICICI.MakerUser" time="36.873">
    <system-out><![CDATA[Sat Jan 06 14:56:52 IST 2024 - Img not uploaded for select customer
]]></system-out>
  </testcase>
  <testcase name="makerUserLogin" classname="CKYC.ICICI.AllSearch" time="3.983">
    <system-out><![CDATA[Sat Jan 06 14:56:52 IST 2024 - Maker loggedin
]]></system-out>
  </testcase>
  <testcase name="allSearchDownload" classname="CKYC.ICICI.AllSearch" time="19.554">
    <system-out><![CDATA[Sat Jan 06 14:56:52 IST 2024 -  Multi Search and Download Started
Sat Jan 06 14:56:52 IST 2024 - Searching with Aadhar no
Sat Jan 06 14:56:52 IST 2024 - Searching with PAN no
Sat Jan 06 14:56:52 IST 2024 - Searching with VoterID
Sat Jan 06 14:56:52 IST 2024 - Searching with PassportNO
Sat Jan 06 14:56:52 IST 2024 - Searching with CKYCID
Sat Jan 06 14:56:52 IST 2024 - Invalid Aadhaar Number
Sat Jan 06 14:56:52 IST 2024 - Invalid PAN Number
Sat Jan 06 14:56:52 IST 2024 - Invalid Passport Number
Sat Jan 06 14:56:52 IST 2024 - Invalid CKYC Number
Sat Jan 06 14:56:52 IST 2024 - End Search and Download Test
]]></system-out>
  </testcase>
</testsuite>